0 info it worked if it ends with ok
1 verbose cli [ 'C:\\Program Files (x86)\\Nodist\\v-x64\\10.15.3\\node.exe',
1 verbose cli   'C:\\Program Files (x86)\\Nodist\\npmv\\4.0.5\\bin\\npm-cli.js',
1 verbose cli   'run',
1 verbose cli   'develop' ]
2 info using npm@4.0.5
3 info using node@v10.15.3
4 verbose run-script [ 'predevelop', 'develop', 'postdevelop' ]
5 info lifecycle gatsby-starter-netlify-cms@1.1.3~predevelop: gatsby-starter-netlify-cms@1.1.3
6 silly lifecycle gatsby-starter-netlify-cms@1.1.3~predevelop: no script for predevelop, continuing
7 info lifecycle gatsby-starter-netlify-cms@1.1.3~develop: gatsby-starter-netlify-cms@1.1.3
8 verbose lifecycle gatsby-starter-netlify-cms@1.1.3~develop: unsafe-perm in lifecycle true
9 verbose lifecycle gatsby-starter-netlify-cms@1.1.3~develop: PATH: C:\Program Files (x86)\Nodist\npmv\4.0.5\bin\node-gyp-bin;C:\Users\hmura\Projects\gatsby-netlify-blog\node_modules\.bin;C:\tools\msys64\tmp\yarn--1553140455972-0.46322746094422995;C:\Users\hmura\Projects\gatsby-netlify-blog\node_modules\.bin;C:\Users\hmura\AppData\Local\Yarn\Data\link\node_modules\.bin;C:\Users\hmura\Projects\gatsby-netlify-blog\node_modules\.bin;C:\Users\hmura\AppData\Local\Yarn\Data\link\node_modules\.bin;C:\Program Files (x86)\Nodist\bin\bin;C:\Program Files (x86)\Nodist\v-x64\libexec\lib\node_modules\npm\bin\node-gyp-bin;C:\Program Files (x86)\Nodist\v-x64\lib\node_modules\npm\bin\node-gyp-bin;C:\Program Files (x86)\Nodist\v-x64\10.15.3\node_modules\npm\bin\node-gyp-bin;C:\Program Files (x86)\Nodist\v-x64\10.15.3;C:\tools\msys64\usr\local\bin;C:\tools\msys64\usr\bin;C:\tools\msys64\usr\bin;C:\tools\msys64\opt\bin;C:\Program Files (x86)\Common Files\Oracle\Java\javapath;C:\Program Files (x86)\Windows Resource Kits\Tools;C:\Program Files (x86)\Intel\iCLS Client;C:\Program Files\Intel\iCLS Client;C:\WINDOWS\system32;C:\WINDOWS;C:\WINDOWS\System32\Wbem;C:\WINDOWS\System32\WindowsPowerShell\v1.0;C:\ProgramData\chocolatey\bin;C:\Program Files (x86)\Nodist\bin;C:\Program Files\nodejs;C:\Program Files\Git\cmd;C:\WINDOWS\System32\OpenSSH;C:\Go\bin;C:\Program Files (x86)\Brackets\command;C:\Users\hmura\.cargo\bin;C:\tools\xampp\php;C:\Program Files (x86)\Elm\0.19\bin;C:\Program Files\MongoDB\Server\3.4\bin;C:\tools\Jenkins;C:\Users\hmura\Bin\SumatraPDF-3.1.2-64;C:\Program Files (x86)\Nodist\bin;C:\Users\hmura\AppData\Local\Microsoft\WindowsApps;C:\tools\msys64\usr\bin;C:\Users\hmura\Anaconda3\Scripts;C:\Program Files\heroku\bin;C:\Users\hmura\Anaconda3;C:\Program Files\Docker Toolbox;C:\tools\neovim\Neovim\bin;C:\Users\hmura\AppData\Local\Programs\Microsoft VS Code\bin
10 verbose lifecycle gatsby-starter-netlify-cms@1.1.3~develop: CWD: C:\Users\hmura\Projects\gatsby-netlify-blog
11 silly lifecycle gatsby-starter-netlify-cms@1.1.3~develop: Args: [ '/d /s /c', 'npm run clean && gatsby develop' ]
12 verbose stack Error: kill ENOSYS
12 verbose stack     at process.kill (internal/process/per_thread.js:198:13)
12 verbose stack     at process.listener (C:\Program Files (x86)\Nodist\npmv\4.0.5\node_modules\npmlog\node_modules\gauge\node_modules\signal-exit\index.js:86:15)
12 verbose stack     at process.emit (events.js:194:15)
13 verbose cwd C:\Users\hmura\Projects\gatsby-netlify-blog
14 error Windows_NT 10.0.17134
15 error argv "C:\\Program Files (x86)\\Nodist\\v-x64\\10.15.3\\node.exe" "C:\\Program Files (x86)\\Nodist\\npmv\\4.0.5\\bin\\npm-cli.js" "run" "develop"
16 error node v10.15.3
17 error npm  v4.0.5
18 error code ENOSYS
19 error errno ENOSYS
20 error syscall kill
21 error kill ENOSYS
22 error If you need help, you may report this error at:
22 error     <https://github.com/npm/npm/issues>
23 verbose exit [ 1, true ]
